### Quarter-Hour Update — 2026-02-11 12:15
Synopsis: Bootstrapped quarter-hour daemon for verification run.
Next steps:
  1. Monitor daemon until first quarter-hour tick.
  2. Prepare summary + validation checklist.
### Quarter-Hour Update — 2026-02-11 12:30
Synopsis: Bootstrapped quarter-hour daemon for verification run.
Next steps:
  1. Monitor daemon until first quarter-hour tick.
  2. Prepare summary + validation checklist.
### Quarter-Hour Update — 2026-02-11 12:45
Synopsis: Daemon recorded first-quarter update; adjusting plan to include Layer 0 finishing before 13:15.
Next steps:
  1. Update natural-language-planner instructions.
  2. Prep reflect-learn + observability hooks.
### Quarter-Hour Update — 2026-02-11 13:02
Synopsis: Interval restart confirmed; prepping manual update.
Next steps:
  1. Emit 13:02 update manually.
  2. Diagnose why daemon not writing next_due.
### Quarter-Hour Update — 2026-02-11 13:04
Synopsis: Daemon still failing to auto-trigger; manual update while debugging next_due persistence.
Next steps:
  1. Patch daemon to force immediate next_due write after restart.
  2. Re-run 2-minute cadence test and confirm automated output.
